Build started 2014-08-21 23:07:04.
     1>Project "C:\Users\Szymon\Desktop\Documents\Visual Studio 2010\Projects\SDLGame2\SDLGame2.vcxproj" on node 2 (build target(s)).
     1>InitializeBuildStatus:
         Creating "Debug\SDLGame2.unsuccessfulbuild" because "AlwaysCreate" was specified.
       ClCompile:
         c:\Program Files (x86)\Microsoft Visual Studio 10.0\VC\bin\CL.exe /c /ZI /nologo /W3 /WX- /Od /Oy- /D WIN32 /D _DEBUG /D _WINDOWS /D _UNICODE /D UNICODE /Gm /EHsc /RTC1 /MDd /GS /fp:precise /Zc:wchar_t /Zc:forScope /Fo"Debug\\" /Fd"Debug\vc100.pdb" /Gd /TP /analyze- /errorReport:prompt ma.cpp
         ma.cpp
       ManifestResourceCompile:
         All outputs are up-to-date.
       Link:
         c:\Program Files (x86)\Microsoft Visual Studio 10.0\VC\bin\link.exe /ERRORREPORT:PROMPT /OUT:"C:\Users\Szymon\Desktop\Documents\Visual Studio 2010\Projects\SDLGame2\Debug\SDLGame2.exe" /INCREMENTAL /NOLOGO SDL2.lib SDL2main.lib kernel32.lib user32.lib gdi32.lib winspool.lib comdlg32.lib advapi32.lib shell32.lib ole32.lib oleaut32.lib uuid.lib odbc32.lib odbccp32.lib /MANIFEST /ManifestFile:"Debug\SDLGame2.exe.intermediate.manifest" /MANIFESTUAC:"level='asInvoker' uiAccess='false'" /DEBUG /PDB:"C:\Users\Szymon\Desktop\Documents\Visual Studio 2010\Projects\SDLGame2\Debug\SDLGame2.pdb" /SUBSYSTEM:WINDOWS /TLBID:1 /DYNAMICBASE /NXCOMPAT /IMPLIB:"C:\Users\Szymon\Desktop\Documents\Visual Studio 2010\Projects\SDLGame2\Debug\SDLGame2.lib" /MACHINE:X86 Debug\SDLGame2.exe.embed.manifest.res
         Debug\ma.obj
       Manifest:
         C:\Program Files (x86)\Microsoft SDKs\Windows\v7.0A\bin\mt.exe /nologo /verbose /out:"Debug\SDLGame2.exe.embed.manifest" /manifest Debug\SDLGame2.exe.intermediate.manifest
         All outputs are up-to-date.
       LinkEmbedManifest:
         All outputs are up-to-date.
         SDLGame2.vcxproj -> C:\Users\Szymon\Desktop\Documents\Visual Studio 2010\Projects\SDLGame2\Debug\SDLGame2.exe
       FinalizeBuildStatus:
         Deleting file "Debug\SDLGame2.unsuccessfulbuild".
         Touching "Debug\SDLGame2.lastbuildstate".
     1>Done Building Project "C:\Users\Szymon\Desktop\Documents\Visual Studio 2010\Projects\SDLGame2\SDLGame2.vcxproj" (build target(s)).

Build succeeded.

Time Elapsed 00:00:02.85
